<?xml version="1.0" encoding="UTF-8"?>
<robot generator="Robot 4.1.3 (Python 3.7.5 on win32)" generated="20220331 16:24:53.944" rpa="true" schemaversion="2">
<suite id="s1" name="Tasks" source="e:\Internshala\1-Xorion Technologies Pvt Ltd., Nagpur\Projects\send mails based on conditions in excel using Robocorp  Email Automation Robocorp\tasks.robot">
<test id="s1-t1" name="Table Keywords Demo">
<kw name="Read table from CSV" library="RPA.Tables">
<var>${DT}</var>
<arg>${DataFile}</arg>
<arg>header=True</arg>
<doc>Read a CSV file as a table.</doc>
<msg timestamp="20220331 16:25:03.181" level="FAIL">UnicodeDecodeError: 'charmap' codec can't decode byte 0x9d in position 16: character maps to &lt;undefined&gt;</msg>
<status status="FAIL" starttime="20220331 16:25:03.161" endtime="20220331 16:25:03.181"/>
</kw>
<for flavor="IN">
<var>${row}</var>
<value>@{DT}</value>
<iter>
<var name="${row}">${row}</var>
<if>
<branch type="IF" condition="&quot;${row}[Technology]&quot; == &quot;RPA&quot;">
<kw name="Sending Email">
<status status="NOT RUN" starttime="20220331 16:25:03.181" endtime="20220331 16:25:03.181"/>
</kw>
<status status="NOT RUN" starttime="20220331 16:25:03.181" endtime="20220331 16:25:03.181"/>
</branch>
<branch type="ELSE">
<kw name="Log" library="BuiltIn">
<arg>Email Not send</arg>
<doc>Logs the given message with the given level.</doc>
<status status="NOT RUN" starttime="20220331 16:25:03.181" endtime="20220331 16:25:03.181"/>
</kw>
<status status="NOT RUN" starttime="20220331 16:25:03.181" endtime="20220331 16:25:03.181"/>
</branch>
<status status="NOT RUN" starttime="20220331 16:25:03.181" endtime="20220331 16:25:03.181"/>
</if>
<status status="NOT RUN" starttime="20220331 16:25:03.181" endtime="20220331 16:25:03.181"/>
</iter>
<status status="NOT RUN" starttime="20220331 16:25:03.181" endtime="20220331 16:25:03.181"/>
</for>
<status status="FAIL" starttime="20220331 16:25:03.160" endtime="20220331 16:25:03.181">UnicodeDecodeError: 'charmap' codec can't decode byte 0x9d in position 16: character maps to &lt;undefined&gt;</status>
</test>
<doc>Template robot main suite.</doc>
<status status="FAIL" starttime="20220331 16:24:53.947" endtime="20220331 16:25:03.187"/>
</suite>
<statistics>
<total>
<stat pass="0" fail="1" skip="0">All Tasks</stat>
</total>
<tag>
</tag>
<suite>
<stat pass="0" fail="1" skip="0" id="s1" name="Tasks">Tasks</stat>
</suite>
</statistics>
<errors>
<msg timestamp="20220331 16:25:03.154" level="WARN">This is a deprecated import that will be removed in favor of RPA.Robocorp.Vault</msg>
</errors>
</robot>
